{"logTime": "0930/181443", "correlationVector":"DKF03xkQ6NSihwB6JaLwJD.1","action":"SyncServerConnectionManagerRequest", "result":"SYNC_SERVER_OK", "context":{"environment":"Prod_SoutheastAsia_000j", "migrationStage":"NotStarted", "server":"GENERAL03000007"}}
{"logTime": "0930/181448", "correlationVector":"cgZciJ4obHHwbHOjWKsk2z","action":"SyncServerConnectionManagerRequest", "result":"SYNC_SERVER_OK", "context":{"environment":"", "migrationStage":"", "server":""}}
{"logTime": "0930/181448", "correlationVector":"DKF03xkQ6NSihwB6JaLwJD","action":"Initial GetUpdates", "result":"", "context":Reason: NEW_CLIENT. cV=DKF03xkQ6NSihwB6JaLwJD}
{"logTime": "0930/181448", "correlationVector":"DKF03xkQ6NSihwB6JaLwJD.2","action":"GetUpdates Response", "result":"Success", "context":Received 1 update(s). cV=DKF03xkQ6NSihwB6JaLwJD.0;server=GENERAL03000007;cloudType=Consumer;environment=Prod_SoutheastAsia_000j;migrationStage=NotStarted}
{"logTime": "0930/181448", "correlationVector":"ABMcqm/zOA+1mqFbde+i7b","action":"Initial GetUpdates", "result":"", "context":Reason: NEWLY_SUPPORTED_DATATYPE. cV=ABMcqm/zOA+1mqFbde+i7b}
{"logTime": "0930/181525", "correlationVector":"ABMcqm/zOA+1mqFbde+i7b","action":"SyncServerConnectionManagerRequest", "result":"CONNECTION_UNAVAILABLE", "context":{"error_type":"net_error_code", "error_value":"-101"}}
{"logTime": "0930/181525", "correlationVector":"nTdru4l2NzOgXVa+EPwetM.0","action":"GetUpdates Response", "result":"Network error (ERR_CONNECTION_RESET)", "context":Received error: Network error (ERR_CONNECTION_RESET). }
{"logTime": "0930/181529", "correlationVector":"FqTzL9l2ou4Vagd4vQgIoX","action":"Initial GetUpdates", "result":"", "context":Reason: NEWLY_SUPPORTED_DATATYPE. cV=FqTzL9l2ou4Vagd4vQgIoX}
{"logTime": "0930/181529", "correlationVector":"FqTzL9l2ou4Vagd4vQgIoX","action":"SyncServerConnectionManagerRequest", "result":"CONNECTION_UNAVAILABLE", "context":{"error_type":"net_error_code", "error_value":"-105"}}
{"logTime": "0930/181529", "correlationVector":"eW6FYIqax6GLIsxTk9NEI1.0","action":"GetUpdates Response", "result":"Network error (ERR_NAME_NOT_RESOLVED)", "context":Received error: Network error (ERR_NAME_NOT_RESOLVED). }
{"logTime": "0930/181532", "correlationVector":"0uRGfqcV62i55f19FxE0ZT","action":"Initial GetUpdates", "result":"", "context":Reason: NEWLY_SUPPORTED_DATATYPE. cV=0uRGfqcV62i55f19FxE0ZT}
{"logTime": "0930/181532", "correlationVector":"0uRGfqcV62i55f19FxE0ZT","action":"SyncServerConnectionManagerRequest", "result":"CONNECTION_UNAVAILABLE", "context":{"error_type":"net_error_code", "error_value":"-105"}}
{"logTime": "0930/181532", "correlationVector":"cqXo4CCFLe9wQdtCb6S6XV.0","action":"GetUpdates Response", "result":"Network error (ERR_NAME_NOT_RESOLVED)", "context":Received error: Network error (ERR_NAME_NOT_RESOLVED). }
{"logTime": "0930/181637", "correlationVector":"R46DqXe9LFBcBNQGW09LX4","action":"Initial GetUpdates", "result":"", "context":Reason: NEWLY_SUPPORTED_DATATYPE. cV=R46DqXe9LFBcBNQGW09LX4}
{"logTime": "0930/181637", "correlationVector":"R46DqXe9LFBcBNQGW09LX4","action":"SyncServerConnectionManagerRequest", "result":"CONNECTION_UNAVAILABLE", "context":{"error_type":"net_error_code", "error_value":"-105"}}
{"logTime": "0930/181637", "correlationVector":"aKRCVIho6ihkTsmNXP7ZQc.0","action":"GetUpdates Response", "result":"Network error (ERR_NAME_NOT_RESOLVED)", "context":Received error: Network error (ERR_NAME_NOT_RESOLVED). }
{"logTime": "0930/181640", "correlationVector":"wuZ6gyQqLFtObVnM3HmN4H","action":"Initial GetUpdates", "result":"", "context":Reason: NEWLY_SUPPORTED_DATATYPE. cV=wuZ6gyQqLFtObVnM3HmN4H}
{"logTime": "0930/181647", "correlationVector":"wuZ6gyQqLFtObVnM3HmN4H","action":"SyncServerConnectionManagerRequest", "result":"CONNECTION_UNAVAILABLE", "context":{"error_type":"net_error_code", "error_value":"-105"}}
{"logTime": "0930/181647", "correlationVector":"fIabAO+V+6X/t37y81CK/V.0","action":"GetUpdates Response", "result":"Network error (ERR_NAME_NOT_RESOLVED)", "context":Received error: Network error (ERR_NAME_NOT_RESOLVED). }
{"logTime": "0930/181647", "correlationVector":"yRk/e3GCMBA8JDs92YVGV0","action":"Initial GetUpdates", "result":"", "context":Reason: NEWLY_SUPPORTED_DATATYPE. cV=yRk/e3GCMBA8JDs92YVGV0}
{"logTime": "0930/181647", "correlationVector":"yRk/e3GCMBA8JDs92YVGV0","action":"SyncServerConnectionManagerRequest", "result":"CONNECTION_UNAVAILABLE", "context":{"error_type":"net_error_code", "error_value":"-105"}}
{"logTime": "0930/181647", "correlationVector":"mWwjVN+DgHSh1w3CpehR2B.0","action":"GetUpdates Response", "result":"Network error (ERR_NAME_NOT_RESOLVED)", "context":Received error: Network error (ERR_NAME_NOT_RESOLVED). }
{"logTime": "0930/181647", "correlationVector":"0dGNrl0cGtCbYIjL+MoV9L","action":"Initial GetUpdates", "result":"", "context":Reason: NEWLY_SUPPORTED_DATATYPE. cV=0dGNrl0cGtCbYIjL+MoV9L}
{"logTime": "0930/181647", "correlationVector":"0dGNrl0cGtCbYIjL+MoV9L","action":"SyncServerConnectionManagerRequest", "result":"CONNECTION_UNAVAILABLE", "context":{"error_type":"net_error_code", "error_value":"-105"}}
{"logTime": "0930/181647", "correlationVector":"OeepsIf1afw7tcP39L1Qso.0","action":"GetUpdates Response", "result":"Network error (ERR_NAME_NOT_RESOLVED)", "context":Received error: Network error (ERR_NAME_NOT_RESOLVED). }
{"logTime": "0930/181647", "correlationVector":"2igUyCzPLcLKMCMDNNzxkY","action":"Initial GetUpdates", "result":"", "context":Reason: NEWLY_SUPPORTED_DATATYPE. cV=2igUyCzPLcLKMCMDNNzxkY}
{"logTime": "0930/181647", "correlationVector":"2igUyCzPLcLKMCMDNNzxkY","action":"SyncServerConnectionManagerRequest", "result":"CONNECTION_UNAVAILABLE", "context":{"error_type":"net_error_code", "error_value":"-105"}}
{"logTime": "0930/181647", "correlationVector":"zG3CIDaC0VYmhRl+pHvJTR.0","action":"GetUpdates Response", "result":"Network error (ERR_NAME_NOT_RESOLVED)", "context":Received error: Network error (ERR_NAME_NOT_RESOLVED). }
{"logTime": "0930/181738", "correlationVector":"vnUdZG/glGBGKMmENfYL3P","action":"Initial GetUpdates", "result":"", "context":Reason: NEWLY_SUPPORTED_DATATYPE. cV=vnUdZG/glGBGKMmENfYL3P}
{"logTime": "0930/181739", "correlationVector":"vnUdZG/glGBGKMmENfYL3P","action":"SyncServerConnectionManagerRequest", "result":"CONNECTION_UNAVAILABLE", "context":{"error_type":"net_error_code", "error_value":"-105"}}
{"logTime": "0930/181739", "correlationVector":"j6KVnYBGe+BwC/CflpeBot.0","action":"GetUpdates Response", "result":"Network error (ERR_NAME_NOT_RESOLVED)", "context":Received error: Network error (ERR_NAME_NOT_RESOLVED). }
{"logTime": "0930/181748", "correlationVector":"8Mbw/NIg9gwkoyCl/g+WNS","action":"Initial GetUpdates", "result":"", "context":Reason: NEWLY_SUPPORTED_DATATYPE. cV=8Mbw/NIg9gwkoyCl/g+WNS}
{"logTime": "0930/181749", "correlationVector":"8Mbw/NIg9gwkoyCl/g+WNS.1","action":"SyncServerConnectionManagerRequest", "result":"SYNC_SERVER_OK", "context":{"environment":"Prod_SoutheastAsia_000j", "migrationStage":"NotStarted", "server":"GENERAL0300000N"}}
{"logTime": "0930/181749", "correlationVector":"8Mbw/NIg9gwkoyCl/g+WNS.2","action":"GetUpdates", "result":"DeleteReceived", "context":{"id":"ca8444b9-a199-4664-8bd8-ec2c7ee118f1", "isDeleted:":"true", "version":"1706531023334"}}
{"logTime": "0930/181749", "correlationVector":"8Mbw/NIg9gwkoyCl/g+WNS.3","action":"GetUpdates", "result":"DeleteReceived", "context":{"id":"bb290156-e3e4-46f1-8283-6e8b6ec7b8a1", "isDeleted:":"true", "version":"1724665209067"}}
{"logTime": "0930/181749", "correlationVector":"8Mbw/NIg9gwkoyCl/g+WNS.4","action":"GetUpdates Response", "result":"Success", "context":Received 97 update(s). cV=8Mbw/NIg9gwkoyCl/g+WNS.0;server=GENERAL0300000N;cloudType=Consumer;environment=Prod_SoutheastAsia_000j;migrationStage=NotStarted}
{"logTime": "0930/181749", "correlationVector":"MF/XqMoDQ8q7zkVORLhqGh","action":"Initial GetUpdates", "result":"", "context":Reason: NEWLY_SUPPORTED_DATATYPE. cV=MF/XqMoDQ8q7zkVORLhqGh}
{"logTime": "0930/181749", "correlationVector":"MF/XqMoDQ8q7zkVORLhqGh.1","action":"SyncServerConnectionManagerRequest", "result":"SYNC_SERVER_OK", "context":{"environment":"Prod_SoutheastAsia_000j", "migrationStage":"NotStarted", "server":"GENERAL0100000N"}}
{"logTime": "0930/181749", "correlationVector":"MF/XqMoDQ8q7zkVORLhqGh.2","action":"GetUpdates Response", "result":"Success", "context":Received 9 update(s). cV=MF/XqMoDQ8q7zkVORLhqGh.0;server=GENERAL0100000N;cloudType=Consumer;environment=Prod_SoutheastAsia_000j;migrationStage=NotStarted}
{"logTime": "0930/181749", "correlationVector":"jsC10fm1pCGKiJoGZsLjcM","action":"Initial GetUpdates", "result":"", "context":Reason: NEWLY_SUPPORTED_DATATYPE. cV=jsC10fm1pCGKiJoGZsLjcM}
{"logTime": "0930/181752", "correlationVector":"jsC10fm1pCGKiJoGZsLjcM.1","action":"SyncServerConnectionManagerRequest", "result":"SYNC_SERVER_OK", "context":{"environment":"Prod_SoutheastAsia_000j", "migrationStage":"NotStarted", "server":"GENERAL03000000"}}
{"logTime": "0930/181752", "correlationVector":"jsC10fm1pCGKiJoGZsLjcM.2","action":"GetUpdates", "result":"DeleteReceived", "context":{"id":"a45b577d-2059-456d-bb3b-c64e51378a2e", "isDeleted:":"true", "version":"1720551660361"}}
{"logTime": "0930/181752", "correlationVector":"jsC10fm1pCGKiJoGZsLjcM.3","action":"GetUpdates", "result":"DeleteReceived", "context":{"id":"04e05080-acea-40d9-b410-e6697c74ff6f", "isDeleted:":"true", "version":"1720551660362"}}
{"logTime": "0930/181752", "correlationVector":"jsC10fm1pCGKiJoGZsLjcM.4","action":"GetUpdates", "result":"DeleteReceived", "context":{"id":"5be09b5e-4c3a-47c0-b704-4e1cca7a75dd", "isDeleted:":"true", "version":"1720596487201"}}
{"logTime": "0930/181752", "correlationVector":"jsC10fm1pCGKiJoGZsLjcM.5","action":"GetUpdates", "result":"DeleteReceived", "context":{"id":"ae1456fa-b536-46b1-aeb0-8b8c010ba8da", "isDeleted:":"true", "version":"1720764602286"}}
{"logTime": "0930/181752", "correlationVector":"jsC10fm1pCGKiJoGZsLjcM.6","action":"GetUpdates", "result":"DeleteReceived", "context":{"id":"aa9c94b6-f958-45c7-951b-905b82631f4d", "isDeleted:":"true", "version":"1720764602287"}}
{"logTime": "0930/181752", "correlationVector":"jsC10fm1pCGKiJoGZsLjcM.7","action":"GetUpdates", "result":"DeleteReceived", "context":{"id":"37ab3096-6ad9-4215-9cf7-d993c5e704cc", "isDeleted:":"true", "version":"1720780481634"}}
{"logTime": "0930/181752", "correlationVector":"jsC10fm1pCGKiJoGZsLjcM.8","action":"GetUpdates", "result":"DeleteReceived", "context":{"id":"136f35aa-7909-4ef7-9414-0887b74734c2", "isDeleted:":"true", "version":"1720780481636"}}
{"logTime": "0930/181752", "correlationVector":"jsC10fm1pCGKiJoGZsLjcM.9","action":"GetUpdates", "result":"DeleteReceived", "context":{"id":"b51bb718-3e1f-4eb5-a964-ffc32a24f7ea", "isDeleted:":"true", "version":"1720780481637"}}
{"logTime": "0930/181752", "correlationVector":"jsC10fm1pCGKiJoGZsLjcM.10","action":"GetUpdates", "result":"DeleteReceived", "context":{"id":"9aabdac0-1553-4b21-8401-3c91bd056d7b", "isDeleted:":"true", "version":"1721409499371"}}
{"logTime": "0930/181752", "correlationVector":"jsC10fm1pCGKiJoGZsLjcM.11","action":"GetUpdates", "result":"DeleteReceived", "context":{"id":"ef54ba24-4813-4534-a5c0-3b80286c90b5", "isDeleted:":"true", "version":"1722395563618"}}
{"logTime": "0930/181752", "correlationVector":"jsC10fm1pCGKiJoGZsLjcM.12","action":"GetUpdates", "result":"DeleteReceived", "context":{"id":"bcb0ac14-09d0-4828-8892-e7e66bae8340", "isDeleted:":"true", "version":"1722395563619"}}
{"logTime": "0930/181752", "correlationVector":"jsC10fm1pCGKiJoGZsLjcM.13","action":"GetUpdates", "result":"DeleteReceived", "context":{"id":"c96a3229-f9b7-427d-b2eb-d344dbfe9369", "isDeleted:":"true", "version":"1722396006992"}}
{"logTime": "0930/181752", "correlationVector":"jsC10fm1pCGKiJoGZsLjcM.14","action":"GetUpdates", "result":"DeleteReceived", "context":{"id":"ec02ce76-4819-4490-a151-6d430bd7ae46", "isDeleted:":"true", "version":"1722596910286"}}
{"logTime": "0930/181752", "correlationVector":"jsC10fm1pCGKiJoGZsLjcM.15","action":"GetUpdates", "result":"DeleteReceived", "context":{"id":"0626f29c-2fd3-47dd-98aa-31608bda8e67", "isDeleted:":"true", "version":"1722598373706"}}
{"logTime": "0930/181752", "correlationVector":"jsC10fm1pCGKiJoGZsLjcM.16","action":"GetUpdates", "result":"DeleteReceived", "context":{"id":"0edf7cb7-a8d3-4057-841c-4fa552984c9f", "isDeleted:":"true", "version":"1722598373707"}}
{"logTime": "0930/181752", "correlationVector":"jsC10fm1pCGKiJoGZsLjcM.17","action":"GetUpdates", "result":"DeleteReceived", "context":{"id":"e20ea1c6-3ebe-487c-9a6c-d009a9cc9ee5", "isDeleted:":"true", "version":"1722598373708"}}
{"logTime": "0930/181752", "correlationVector":"jsC10fm1pCGKiJoGZsLjcM.18","action":"GetUpdates", "result":"DeleteReceived", "context":{"id":"2a59ff0f-6fa7-4640-b603-07bdc5099f1a", "isDeleted:":"true", "version":"1722679286086"}}
{"logTime": "0930/181752", "correlationVector":"jsC10fm1pCGKiJoGZsLjcM.19","action":"GetUpdates", "result":"DeleteReceived", "context":{"id":"51c6a209-ae94-4b9c-9872-1af6fa493740", "isDeleted:":"true", "version":"1722942218223"}}
{"logTime": "0930/181752", "correlationVector":"jsC10fm1pCGKiJoGZsLjcM.20","action":"GetUpdates", "result":"DeleteReceived", "context":{"id":"db96fe49-225a-4f42-b3dd-74af3d51d5bb", "isDeleted:":"true", "version":"1722961903420"}}
{"logTime": "0930/181752", "correlationVector":"jsC10fm1pCGKiJoGZsLjcM.21","action":"GetUpdates", "result":"DeleteReceived", "context":{"id":"3acf7b02-4132-4771-8232-0d6264e1d00d", "isDeleted:":"true", "version":"1722969922412"}}
{"logTime": "0930/181752", "correlationVector":"jsC10fm1pCGKiJoGZsLjcM.22","action":"GetUpdates", "result":"DeleteReceived", "context":{"id":"aa1db31b-84e1-4782-a240-b5c88f10d9f5", "isDeleted:":"true", "version":"1723192603564"}}
{"logTime": "0930/181752", "correlationVector":"jsC10fm1pCGKiJoGZsLjcM.23","action":"GetUpdates", "result":"DeleteReceived", "context":{"id":"39a49bb1-d0fd-44c8-9e06-86ed07346595", "isDeleted:":"true", "version":"1723197962666"}}
{"logTime": "0930/181752", "correlationVector":"jsC10fm1pCGKiJoGZsLjcM.24","action":"GetUpdates", "result":"DeleteReceived", "context":{"id":"7a1399a0-8f2a-4f31-a671-f18239137df5", "isDeleted:":"true", "version":"1723197962668"}}
{"logTime": "0930/181752", "correlationVector":"jsC10fm1pCGKiJoGZsLjcM.25","action":"GetUpdates", "result":"DeleteReceived", "context":{"id":"553957ea-50d1-4a80-9293-119247de227b", "isDeleted:":"true", "version":"1723483627212"}}
{"logTime": "0930/181752", "correlationVector":"jsC10fm1pCGKiJoGZsLjcM.26","action":"GetUpdates", "result":"DeleteReceived", "context":{"id":"205d6fba-9220-45fb-af59-9a108c72882f", "isDeleted:":"true", "version":"1724665931106"}}
{"logTime": "0930/181752", "correlationVector":"jsC10fm1pCGKiJoGZsLjcM.27","action":"GetUpdates", "result":"DeleteReceived", "context":{"id":"2dbb2a0a-0318-4617-94b0-a13eb7ea1924", "isDeleted:":"true", "version":"1724667098471"}}
{"logTime": "0930/181752", "correlationVector":"jsC10fm1pCGKiJoGZsLjcM.28","action":"GetUpdates", "result":"DeleteReceived", "context":{"id":"424b86f2-4c8f-457e-9057-62a5a3cb3ba6", "isDeleted:":"true", "version":"1724667314167"}}
{"logTime": "0930/181752", "correlationVector":"jsC10fm1pCGKiJoGZsLjcM.29","action":"GetUpdates", "result":"DeleteReceived", "context":{"id":"6f2f5d88-1f10-47c0-a6a6-08e2fd9a6070", "isDeleted:":"true", "version":"1724667314168"}}
{"logTime": "0930/181752", "correlationVector":"jsC10fm1pCGKiJoGZsLjcM.30","action":"GetUpdates", "result":"DeleteReceived", "context":{"id":"7d3d1092-2869-4156-8d8b-af68af7f3fb6", "isDeleted:":"true", "version":"1724779283049"}}
{"logTime": "0930/181752", "correlationVector":"jsC10fm1pCGKiJoGZsLjcM.31","action":"GetUpdates", "result":"DeleteReceived", "context":{"id":"e3324f57-ce93-4dc0-a96e-12170a3c2fe6", "isDeleted:":"true", "version":"1724779283050"}}
{"logTime": "0930/181752", "correlationVector":"jsC10fm1pCGKiJoGZsLjcM.32","action":"GetUpdates", "result":"DeleteReceived", "context":{"id":"8b9333cb-2330-4dc7-9430-19db06a1b15b", "isDeleted:":"true", "version":"1724830251277"}}
{"logTime": "0930/181752", "correlationVector":"jsC10fm1pCGKiJoGZsLjcM.33","action":"GetUpdates Response", "result":"Success", "context":Received 76 update(s). cV=jsC10fm1pCGKiJoGZsLjcM.0;server=GENERAL03000000;cloudType=Consumer;environment=Prod_SoutheastAsia_000j;migrationStage=NotStarted}
{"logTime": "0930/181752", "correlationVector":"LCi25b0Oyhsn59gKap8gbX","action":"Normal GetUpdate request", "result":"", "context":cV=LCi25b0Oyhsn59gKap8gbX
Nudged types: Sessions, Device Info, User Consents
Refresh requested types: Bookmarks, Preferences, Passwords, Autofill Profiles, Autofill, Typed URLs, Extensions, Sessions, Extension settings, History Delete Directives, Device Info, User Consents, Send Tab To Self, Web Apps, Collection, Edge E Drop, Edge Hub App Usage, Edge Tab Group, Edge Wallet, Encryption Keys}
{"logTime": "0930/181753", "correlationVector":"LCi25b0Oyhsn59gKap8gbX.1","action":"SyncServerConnectionManagerRequest", "result":"SYNC_SERVER_OK", "context":{"environment":"Prod_SoutheastAsia_000j", "migrationStage":"NotStarted", "server":"GENERAL03000002"}}
{"logTime": "0930/181753", "correlationVector":"LCi25b0Oyhsn59gKap8gbX.2","action":"GetUpdates Response", "result":"Success", "context":Received 0 update(s). cV=LCi25b0Oyhsn59gKap8gbX.0;server=GENERAL03000002;cloudType=Consumer;environment=Prod_SoutheastAsia_000j;migrationStage=NotStarted}
{"logTime": "0930/181753", "correlationVector":"OzEpem44KWHCTNjWesOUaP","action":"DoCompareDataConsistency requsted types: ", "result":"Bookmarks, Preferences, Passwords, Typed URLs, Extensions, Extension settings, History Delete Directives, Send Tab To Self, Web Apps, Collection, Edge E Drop, Edge Tab Group, Edge Wallet, Encryption Keys"}
{"logTime": "0930/181753", "correlationVector":"OzEpem44KWHCTNjWesOUaP.0","action":"CompareDataConsistency result: ", "result":"Compare result: Encryption Keys is consistent. local entities count is: 1 local entities hash is: H000kfBwO38BLoDJuyLRASKOT1Y="}
{"logTime": "0930/181753", "correlationVector":"OzEpem44KWHCTNjWesOUaP.1","action":"CompareDataConsistency result: ", "result":"Compare result: Bookmarks is consistent. local entities count is: 7 local entities hash is: dy42Gykvr4I56IL5P2Q8RDa6rgg="}
{"logTime": "0930/181753", "correlationVector":"OzEpem44KWHCTNjWesOUaP.2","action":"CompareDataConsistency result: ", "result":"Compare result: Preferences is consistent. local entities count is: 66 local entities hash is: 4VgOxuVkUnGnEXDMhcyIPKaqlzQ="}
{"logTime": "0930/181753", "correlationVector":"OzEpem44KWHCTNjWesOUaP.3","action":"CompareDataConsistency result: ", "result":"Server did not send this Typed URLs local entities count is: 0 local entities hash is: "}
{"logTime": "0930/181753", "correlationVector":"OzEpem44KWHCTNjWesOUaP.4","action":"CompareDataConsistency result: ", "result":"Compare result: Extensions is consistent. local entities count is: 1 local entities hash is: 0SHiJep0Fz+k0+SJyha7FmX+oGo="}
{"logTime": "0930/181753", "correlationVector":"OzEpem44KWHCTNjWesOUaP.5","action":"CompareDataConsistency result: ", "result":"Compare result: Extension settings is consistent. local entities count is: 2 local entities hash is: 0lr4vO8P1KLofXCdDKpuYEsU+88="}
{"logTime": "0930/181753", "correlationVector":"OzEpem44KWHCTNjWesOUaP.6","action":"CompareDataConsistency result: ", "result":"Compare result: History Delete Directives is consistent. local entities count is: 0 local entities hash is: "}
{"logTime": "0930/181753", "correlationVector":"OzEpem44KWHCTNjWesOUaP.7","action":"CompareDataConsistency result: ", "result":"Server did not send this Send Tab To Self local entities count is: 0 local entities hash is: "}
{"logTime": "0930/181753", "correlationVector":"OzEpem44KWHCTNjWesOUaP.8","action":"CompareDataConsistency result: ", "result":"Compare result: Web Apps is consistent. local entities count is: 0 local entities hash is: "}
{"logTime": "0930/181753", "correlationVector":"OzEpem44KWHCTNjWesOUaP.9","action":"CompareDataConsistency result: ", "result":"Compare result: Collection is consistent. local entities count is: 0 local entities hash is: "}
{"logTime": "0930/181753", "correlationVector":"OzEpem44KWHCTNjWesOUaP.10","action":"CompareDataConsistency result: ", "result":"Compare result: Edge E Drop is consistent. local entities count is: 0 local entities hash is: "}
{"logTime": "0930/181753", "correlationVector":"OzEpem44KWHCTNjWesOUaP.11","action":"CompareDataConsistency result: ", "result":"Compare result: Edge Tab Group is consistent. local entities count is: 0 local entities hash is: "}
{"logTime": "0930/181753", "correlationVector":"OzEpem44KWHCTNjWesOUaP.12","action":"CompareDataConsistency result: ", "result":"Compare result: Edge Wallet is consistent. local entities count is: 0 local entities hash is: "}
{"logTime": "0930/181753", "correlationVector":"OzEpem44KWHCTNjWesOUaP.13","action":"CompareDataConsistency result: ", "result":"Compare result: Passwords is consistent. local entities count is: 27 local entities hash is: ihsoR8VGQPQoJ+OuzHhPnlFAFtc="}
{"logTime": "0930/181753", "correlationVector":"fefrfoj4GZHkXfZlEbGC2U","action":"Commit Request", "result":"", "context":Item count: 5
Contributing types: Sessions, Device Info, User Consents}
{"logTime": "0930/181755", "correlationVector":"fefrfoj4GZHkXfZlEbGC2U.1","action":"SyncServerConnectionManagerRequest", "result":"SYNC_SERVER_OK", "context":{"environment":"Prod_SoutheastAsia_000j", "migrationStage":"NotStarted", "server":"GENERAL0300000V"}}
{"logTime": "0930/181755", "correlationVector":"fefrfoj4GZHkXfZlEbGC2U.2","action":"Commit Response", "result":"Success", "context":Result: Success. cV=fefrfoj4GZHkXfZlEbGC2U.0;server=GENERAL0300000V;cloudType=Consumer;environment=Prod_SoutheastAsia_000j;migrationStage=NotStarted}
{"logTime": "0930/181755", "correlationVector":"","action":"DIAGNOSTIC_REQUEST|v1/diagnosticData/Diagnostic.SendCheckResult()|SUCCESS", "result":""}
{"logTime": "0930/181755", "correlationVector":"8zSGuKR+n014S2WTJgFMcn","action":"Normal GetUpdate request", "result":"", "context":cV=8zSGuKR+n014S2WTJgFMcn
Nudged types: Sessions, Device Info}
{"logTime": "0930/181756", "correlationVector":"8zSGuKR+n014S2WTJgFMcn.1","action":"SyncServerConnectionManagerRequest", "result":"SYNC_SERVER_OK", "context":{"environment":"Prod_SoutheastAsia_000j", "migrationStage":"NotStarted", "server":"GENERAL0100001G"}}
{"logTime": "0930/181756", "correlationVector":"8zSGuKR+n014S2WTJgFMcn.2","action":"GetUpdates Response", "result":"Success", "context":Received 3 update(s). cV=8zSGuKR+n014S2WTJgFMcn.0;server=GENERAL0100001G;cloudType=Consumer;environment=Prod_SoutheastAsia_000j;migrationStage=NotStarted}
{"logTime": "0930/183654", "correlationVector":"zJ9lBOUp4dXLTbNimCSDrx.1","action":"SyncServerConnectionManagerRequest", "result":"SYNC_SERVER_OK", "context":{"environment":"Prod_SoutheastAsia_000j", "migrationStage":"NotStarted", "server":"GENERAL0100000A"}}
{"logTime": "0930/183656", "correlationVector":"q5B47X4f0UQWxMyRYdPg4I","action":"SyncServerConnectionManagerRequest", "result":"SYNC_SERVER_OK", "context":{"environment":"", "migrationStage":"", "server":""}}
{"logTime": "0930/183656", "correlationVector":"zJ9lBOUp4dXLTbNimCSDrx","action":"Initial GetUpdates", "result":"", "context":Reason: NEW_CLIENT. cV=zJ9lBOUp4dXLTbNimCSDrx}
{"logTime": "0930/183656", "correlationVector":"zJ9lBOUp4dXLTbNimCSDrx.2","action":"GetUpdates Response", "result":"Success", "context":Received 1 update(s). cV=zJ9lBOUp4dXLTbNimCSDrx.0;server=GENERAL0100000A;cloudType=Consumer;environment=Prod_SoutheastAsia_000j;migrationStage=NotStarted}
{"logTime": "0930/183656", "correlationVector":"UUw1psQTmm6BVl5lu4z/FO","action":"Initial GetUpdates", "result":"", "context":Reason: NEWLY_SUPPORTED_DATATYPE. cV=UUw1psQTmm6BVl5lu4z/FO}
{"logTime": "0930/183703", "correlationVector":"UUw1psQTmm6BVl5lu4z/FO.1","action":"SyncServerConnectionManagerRequest", "result":"SYNC_SERVER_OK", "context":{"environment":"Prod_SoutheastAsia_000j", "migrationStage":"NotStarted", "server":"GENERAL0300000Z"}}
{"logTime": "0930/183703", "correlationVector":"UUw1psQTmm6BVl5lu4z/FO.2","action":"GetUpdates", "result":"DeleteReceived", "context":{"id":"ca8444b9-a199-4664-8bd8-ec2c7ee118f1", "isDeleted:":"true", "version":"1706531023334"}}
{"logTime": "0930/183703", "correlationVector":"UUw1psQTmm6BVl5lu4z/FO.3","action":"GetUpdates", "result":"DeleteReceived", "context":{"id":"bb290156-e3e4-46f1-8283-6e8b6ec7b8a1", "isDeleted:":"true", "version":"1724665209067"}}
{"logTime": "0930/183703", "correlationVector":"UUw1psQTmm6BVl5lu4z/FO.4","action":"GetUpdates Response", "result":"Success", "context":Received 29 update(s). cV=UUw1psQTmm6BVl5lu4z/FO.0;server=GENERAL0300000Z;cloudType=Consumer;environment=Prod_SoutheastAsia_000j;migrationStage=NotStarted}
{"logTime": "0930/183703", "correlationVector":"u6nxZffqKGOWK+t7i1xSIl","action":"Normal GetUpdate request", "result":"", "context":cV=u6nxZffqKGOWK+t7i1xSIl
Nudged types: Sessions
Refresh requested types: Bookmarks, Preferences, Passwords, Autofill Profiles, Autofill, Typed URLs, Extensions, Sessions, Extension settings, History Delete Directives, Device Info, User Consents, Send Tab To Self, Web Apps, Collection, Edge E Drop, Edge Hub App Usage, Edge Tab Group, Edge Wallet, Encryption Keys}
{"logTime": "0930/183704", "correlationVector":"u6nxZffqKGOWK+t7i1xSIl.1","action":"SyncServerConnectionManagerRequest", "result":"SYNC_SERVER_OK", "context":{"environment":"Prod_SoutheastAsia_000j", "migrationStage":"NotStarted", "server":"GENERAL03000029"}}
{"logTime": "0930/183704", "correlationVector":"u6nxZffqKGOWK+t7i1xSIl.2","action":"GetUpdates Response", "result":"Success", "context":Received 0 update(s). cV=u6nxZffqKGOWK+t7i1xSIl.0;server=GENERAL03000029;cloudType=Consumer;environment=Prod_SoutheastAsia_000j;migrationStage=NotStarted}
{"logTime": "0930/183704", "correlationVector":"dJz+2NLlfvHqZbd6RenR/A","action":"Commit Request", "result":"", "context":Item count: 3
Contributing types: Sessions}
{"logTime": "0930/183704", "correlationVector":"dJz+2NLlfvHqZbd6RenR/A.1","action":"SyncServerConnectionManagerRequest", "result":"SYNC_SERVER_OK", "context":{"environment":"Prod_SoutheastAsia_000j", "migrationStage":"NotStarted", "server":"GENERAL0100001H"}}
{"logTime": "0930/183704", "correlationVector":"dJz+2NLlfvHqZbd6RenR/A.3","action":"Commit.Sessions", "result":"Success", "context":{"id":"5a857fca-b57f-4aec-b2d5-c37817be64c3", "isDeleted":"true", "size":"0", "version":"1727720275082"}}
{"logTime": "0930/183704", "correlationVector":"dJz+2NLlfvHqZbd6RenR/A.2","action":"Commit Response", "result":"Success", "context":Result: Success. cV=dJz+2NLlfvHqZbd6RenR/A.0;server=GENERAL0100001H;cloudType=Consumer;environment=Prod_SoutheastAsia_000j;migrationStage=NotStarted}
